The system is: Linux - 4.9.24-v7+ - armv7l
Compiling the C compiler identification source file "CMakeCCompilerId.c" succeeded.
Compiler: /usr/bin/gcc 
Build flags: 
Id flags: 

The output was:
0


Compilation of the C compiler identification source "CMakeCCompilerId.c" produced "a.out"

The C compiler identification is GNU, found in "/home/pi/Programs/RaspberryPi/rpi/ZairStudio/ReadyDev/tutoriels/cpp/cmake/make/static_lib_using/build/CMakeFiles/3.6.2/CompilerIdC/a.out"

Compiling the CXX compiler identification source file "CMakeCXXCompilerId.cpp" succeeded.
Compiler: /usr/bin/g++ 
Build flags: 
Id flags: 

The output was:
0


Compilation of the CXX compiler identification source "CMakeCXXCompilerId.cpp" produced "a.out"

The CXX compiler identification is GNU, found in "/home/pi/Programs/RaspberryPi/rpi/ZairStudio/ReadyDev/tutoriels/cpp/cmake/make/static_lib_using/build/CMakeFiles/3.6.2/CompilerIdCXX/a.out"

Determining if the C compiler works passed with the following output:
Change Dir: /home/pi/Programs/RaspberryPi/rpi/ZairStudio/ReadyDev/tutoriels/cpp/cmake/make/static_lib_using/build/CMakeFiles/CMakeTmp

Run Build Command:"/usr/bin/make" "cmTC_ef78f/fast"
/usr/bin/make -f CMakeFiles/cmTC_ef78f.dir/build.make CMakeFiles/cmTC_ef78f.dir/build
make[1]: Entering directory '/home/pi/Programs/RaspberryPi/rpi/ZairStudio/ReadyDev/tutoriels/cpp/cmake/make/static_lib_using/build/CMakeFiles/CMakeTmp'
Building C object CMakeFiles/cmTC_ef78f.dir/testCCompiler.c.o
/usr/bin/gcc     -o CMakeFiles/cmTC_ef78f.dir/testCCompiler.c.o   -c /home/pi/Programs/RaspberryPi/rpi/ZairStudio/ReadyDev/tutoriels/cpp/cmake/make/static_lib_using/build/CMakeFiles/CMakeTmp/testCCompiler.c
Linking C executable cmTC_ef78f
/usr/bin/cmake -E cmake_link_script CMakeFiles/cmTC_ef78f.dir/link.txt --verbose=1
/usr/bin/gcc       CMakeFiles/cmTC_ef78f.dir/testCCompiler.c.o  -o cmTC_ef78f -rdynamic 
make[1]: Leaving directory '/home/pi/Programs/RaspberryPi/rpi/ZairStudio/ReadyDev/tutoriels/cpp/cmake/make/static_lib_using/build/CMakeFiles/CMakeTmp'


Detecting C compiler ABI info compiled with the following output:
Change Dir: /home/pi/Programs/RaspberryPi/rpi/ZairStudio/ReadyDev/tutoriels/cpp/cmake/make/static_lib_using/build/CMakeFiles/CMakeTmp

Run Build Command:"/usr/bin/make" "cmTC_e6fd4/fast"
/usr/bin/make -f CMakeFiles/cmTC_e6fd4.dir/build.make CMakeFiles/cmTC_e6fd4.dir/build
make[1]: Entering directory '/home/pi/Programs/RaspberryPi/rpi/ZairStudio/ReadyDev/tutoriels/cpp/cmake/make/static_lib_using/build/CMakeFiles/CMakeTmp'
Building C object CMakeFiles/cmTC_e6fd4.dir/CMakeCCompilerABI.c.o
/usr/bin/gcc     -o CMakeFiles/cmTC_e6fd4.dir/CMakeCCompilerABI.c.o   -c /usr/share/cmake-3.6/Modules/CMakeCCompilerABI.c
Linking C executable cmTC_e6fd4
/usr/bin/cmake -E cmake_link_script CMakeFiles/cmTC_e6fd4.dir/link.txt --verbose=1
/usr/bin/gcc      -v CMakeFiles/cmTC_e6fd4.dir/CMakeCCompilerABI.c.o  -o cmTC_e6fd4 -rdynamic  
Using built-in specs.
COLLECT_GCC=/usr/bin/gcc
COLLECT_LTO_WRAPPER=/usr/lib/gcc/arm-linux-gnueabihf/4.9/lto-wrapper
Target: arm-linux-gnueabihf
Configured with: ../src/configure -v --with-pkgversion='Raspbian 4.9.2-10' --with-bugurl=file:///usr/share/doc/gcc-4.9/README.Bugs --enable-languages=c,c++,java,go,d,fortran,objc,obj-c++ --prefix=/usr --program-suffix=-4.9 --enable-shared --enable-linker-build-id --libexecdir=/usr/lib --without-included-gettext --enable-threads=posix --with-gxx-include-dir=/usr/include/c++/4.9 --libdir=/usr/lib --enable-nls --with-sysroot=/ --enable-clocale=gnu --enable-libstdcxx-debug --enable-libstdcxx-time=yes --enable-gnu-unique-object --disable-libitm --disable-libquadmath --enable-plugin --with-system-zlib --disable-browser-plugin --enable-java-awt=gtk --enable-gtk-cairo --with-java-home=/usr/lib/jvm/java-1.5.0-gcj-4.9-armhf/jre --enable-java-home --with-jvm-root-dir=/usr/lib/jvm/java-1.5.0-gcj-4.9-armhf --with-jvm-jar-dir=/usr/lib/jvm-exports/java-1.5.0-gcj-4.9-armhf --with-arch-directory=arm --with-ecj-jar=/usr/share/java/eclipse-ecj.jar --enable-objc-gc --enable-multiarch --disable-sjlj-exceptions --with-arch=armv6 --with-fpu=vfp --with-float=hard --enable-checking=release --build=arm-linux-gnueabihf --host=arm-linux-gnueabihf --target=arm-linux-gnueabihf
Thread model: posix
gcc version 4.9.2 (Raspbian 4.9.2-10) 
COMPILER_PATH=/usr/lib/gcc/arm-linux-gnueabihf/4.9/:/usr/lib/gcc/arm-linux-gnueabihf/4.9/:/usr/lib/gcc/arm-linux-gnueabihf/:/usr/lib/gcc/arm-linux-gnueabihf/4.9/:/usr/lib/gcc/arm-linux-gnueabihf/
LIBRARY_PATH=/usr/lib/gcc/arm-linux-gnueabihf/4.9/:/usr/lib/gcc/arm-linux-gnueabihf/4.9/../../../arm-linux-gnueabihf/:/usr/lib/gcc/arm-linux-gnueabihf/4.9/../../../:/lib/arm-linux-gnueabihf/:/lib/:/usr/lib/arm-linux-gnueabihf/:/usr/lib/
COLLECT_GCC_OPTIONS='-v' '-o' 'cmTC_e6fd4' '-rdynamic' '-march=armv6' '-mfloat-abi=hard' '-mfpu=vfp' '-mtls-dialect=gnu'
 /usr/lib/gcc/arm-linux-gnueabihf/4.9/collect2 -plugin /usr/lib/gcc/arm-linux-gnueabihf/4.9/liblto_plugin.so -plugin-opt=/usr/lib/gcc/arm-linux-gnueabihf/4.9/lto-wrapper -plugin-opt=-fresolution=/tmp/ccMqNv4t.res -plugin-opt=-pass-through=-lgcc -plugin-opt=-pass-through=-lgcc_s -plugin-opt=-pass-through=-lc -plugin-opt=-pass-through=-lgcc -plugin-opt=-pass-through=-lgcc_s --sysroot=/ --build-id --eh-frame-hdr -export-dynamic -dynamic-linker /lib/ld-linux-armhf.so.3 -X --hash-style=gnu -m armelf_linux_eabi -o cmTC_e6fd4 /usr/lib/gcc/arm-linux-gnueabihf/4.9/../../../arm-linux-gnueabihf/crt1.o /usr/lib/gcc/arm-linux-gnueabihf/4.9/../../../arm-linux-gnueabihf/crti.o /usr/lib/gcc/arm-linux-gnueabihf/4.9/crtbegin.o -L/usr/lib/gcc/arm-linux-gnueabihf/4.9 -L/usr/lib/gcc/arm-linux-gnueabihf/4.9/../../../arm-linux-gnueabihf -L/usr/lib/gcc/arm-linux-gnueabihf/4.9/../../.. -L/lib/arm-linux-gnueabihf -L/usr/lib/arm-linux-gnueabihf CMakeFiles/cmTC_e6fd4.dir/CMakeCCompilerABI.c.o -lgcc --as-needed -lgcc_s --no-as-needed -lc -lgcc --as-needed -lgcc_s --no-as-needed /usr/lib/gcc/arm-linux-gnueabihf/4.9/crtend.o /usr/lib/gcc/arm-linux-gnueabihf/4.9/../../../arm-linux-gnueabihf/crtn.o
make[1]: Leaving directory '/home/pi/Programs/RaspberryPi/rpi/ZairStudio/ReadyDev/tutoriels/cpp/cmake/make/static_lib_using/build/CMakeFiles/CMakeTmp'


Parsed C implicit link information from above output:
  link line regex: [^( *|.*[/\])(ld|([^/\]+-)?ld|collect2)[^/\]*( |$)]
  ignore line: [Change Dir: /home/pi/Programs/RaspberryPi/rpi/ZairStudio/ReadyDev/tutoriels/cpp/cmake/make/static_lib_using/build/CMakeFiles/CMakeTmp]
  ignore line: []
  ignore line: [Run Build Command:"/usr/bin/make" "cmTC_e6fd4/fast"]
  ignore line: [/usr/bin/make -f CMakeFiles/cmTC_e6fd4.dir/build.make CMakeFiles/cmTC_e6fd4.dir/build]
  ignore line: [make[1]: Entering directory '/home/pi/Programs/RaspberryPi/rpi/ZairStudio/ReadyDev/tutoriels/cpp/cmake/make/static_lib_using/build/CMakeFiles/CMakeTmp']
  ignore line: [Building C object CMakeFiles/cmTC_e6fd4.dir/CMakeCCompilerABI.c.o]
  ignore line: [/usr/bin/gcc     -o CMakeFiles/cmTC_e6fd4.dir/CMakeCCompilerABI.c.o   -c /usr/share/cmake-3.6/Modules/CMakeCCompilerABI.c]
  ignore line: [Linking C executable cmTC_e6fd4]
  ignore line: [/usr/bin/cmake -E cmake_link_script CMakeFiles/cmTC_e6fd4.dir/link.txt --verbose=1]
  ignore line: [/usr/bin/gcc      -v CMakeFiles/cmTC_e6fd4.dir/CMakeCCompilerABI.c.o  -o cmTC_e6fd4 -rdynamic  ]
  ignore line: [Using built-in specs.]
  ignore line: [COLLECT_GCC=/usr/bin/gcc]
  ignore line: [COLLECT_LTO_WRAPPER=/usr/lib/gcc/arm-linux-gnueabihf/4.9/lto-wrapper]
  ignore line: [Target: arm-linux-gnueabihf]
  ignore line: [Configured with: ../src/configure -v --with-pkgversion='Raspbian 4.9.2-10' --with-bugurl=file:///usr/share/doc/gcc-4.9/README.Bugs --enable-languages=c,c++,java,go,d,fortran,objc,obj-c++ --prefix=/usr --program-suffix=-4.9 --enable-shared --enable-linker-build-id --libexecdir=/usr/lib --without-included-gettext --enable-threads=posix --with-gxx-include-dir=/usr/include/c++/4.9 --libdir=/usr/lib --enable-nls --with-sysroot=/ --enable-clocale=gnu --enable-libstdcxx-debug --enable-libstdcxx-time=yes --enable-gnu-unique-object --disable-libitm --disable-libquadmath --enable-plugin --with-system-zlib --disable-browser-plugin --enable-java-awt=gtk --enable-gtk-cairo --with-java-home=/usr/lib/jvm/java-1.5.0-gcj-4.9-armhf/jre --enable-java-home --with-jvm-root-dir=/usr/lib/jvm/java-1.5.0-gcj-4.9-armhf --with-jvm-jar-dir=/usr/lib/jvm-exports/java-1.5.0-gcj-4.9-armhf --with-arch-directory=arm --with-ecj-jar=/usr/share/java/eclipse-ecj.jar --enable-objc-gc --enable-multiarch --disable-sjlj-exceptions --with-arch=armv6 --with-fpu=vfp --with-float=hard --enable-checking=release --build=arm-linux-gnueabihf --host=arm-linux-gnueabihf --target=arm-linux-gnueabihf]
  ignore line: [Thread model: posix]
  ignore line: [gcc version 4.9.2 (Raspbian 4.9.2-10) ]
  ignore line: [COMPILER_PATH=/usr/lib/gcc/arm-linux-gnueabihf/4.9/:/usr/lib/gcc/arm-linux-gnueabihf/4.9/:/usr/lib/gcc/arm-linux-gnueabihf/:/usr/lib/gcc/arm-linux-gnueabihf/4.9/:/usr/lib/gcc/arm-linux-gnueabihf/]
  ignore line: [LIBRARY_PATH=/usr/lib/gcc/arm-linux-gnueabihf/4.9/:/usr/lib/gcc/arm-linux-gnueabihf/4.9/../../../arm-linux-gnueabihf/:/usr/lib/gcc/arm-linux-gnueabihf/4.9/../../../:/lib/arm-linux-gnueabihf/:/lib/:/usr/lib/arm-linux-gnueabihf/:/usr/lib/]
  ignore line: [COLLECT_GCC_OPTIONS='-v' '-o' 'cmTC_e6fd4' '-rdynamic' '-march=armv6' '-mfloat-abi=hard' '-mfpu=vfp' '-mtls-dialect=gnu']
  link line: [ /usr/lib/gcc/arm-linux-gnueabihf/4.9/collect2 -plugin /usr/lib/gcc/arm-linux-gnueabihf/4.9/liblto_plugin.so -plugin-opt=/usr/lib/gcc/arm-linux-gnueabihf/4.9/lto-wrapper -plugin-opt=-fresolution=/tmp/ccMqNv4t.res -plugin-opt=-pass-through=-lgcc -plugin-opt=-pass-through=-lgcc_s -plugin-opt=-pass-through=-lc -plugin-opt=-pass-through=-lgcc -plugin-opt=-pass-through=-lgcc_s --sysroot=/ --build-id --eh-frame-hdr -export-dynamic -dynamic-linker /lib/ld-linux-armhf.so.3 -X --hash-style=gnu -m armelf_linux_eabi -o cmTC_e6fd4 /usr/lib/gcc/arm-linux-gnueabihf/4.9/../../../arm-linux-gnueabihf/crt1.o /usr/lib/gcc/arm-linux-gnueabihf/4.9/../../../arm-linux-gnueabihf/crti.o /usr/lib/gcc/arm-linux-gnueabihf/4.9/crtbegin.o -L/usr/lib/gcc/arm-linux-gnueabihf/4.9 -L/usr/lib/gcc/arm-linux-gnueabihf/4.9/../../../arm-linux-gnueabihf -L/usr/lib/gcc/arm-linux-gnueabihf/4.9/../../.. -L/lib/arm-linux-gnueabihf -L/usr/lib/arm-linux-gnueabihf CMakeFiles/cmTC_e6fd4.dir/CMakeCCompilerABI.c.o -lgcc --as-needed -lgcc_s --no-as-needed -lc -lgcc --as-needed -lgcc_s --no-as-needed /usr/lib/gcc/arm-linux-gnueabihf/4.9/crtend.o /usr/lib/gcc/arm-linux-gnueabihf/4.9/../../../arm-linux-gnueabihf/crtn.o]
    arg [/usr/lib/gcc/arm-linux-gnueabihf/4.9/collect2] ==> ignore
    arg [-plugin] ==> ignore
    arg [/usr/lib/gcc/arm-linux-gnueabihf/4.9/liblto_plugin.so] ==> ignore
    arg [-plugin-opt=/usr/lib/gcc/arm-linux-gnueabihf/4.9/lto-wrapper] ==> ignore
    arg [-plugin-opt=-fresolution=/tmp/ccMqNv4t.res] ==> ignore
    arg [-plugin-opt=-pass-through=-lgcc] ==> ignore
    arg [-plugin-opt=-pass-through=-lgcc_s] ==> ignore
    arg [-plugin-opt=-pass-through=-lc] ==> ignore
    arg [-plugin-opt=-pass-through=-lgcc] ==> ignore
    arg [-plugin-opt=-pass-through=-lgcc_s] ==> ignore
    arg [--sysroot=/] ==> ignore
    arg [--build-id] ==> ignore
    arg [--eh-frame-hdr] ==> ignore
    arg [-export-dynamic] ==> ignore
    arg [-dynamic-linker] ==> ignore
    arg [/lib/ld-linux-armhf.so.3] ==> ignore
    arg [-X] ==> ignore
    arg [--hash-style=gnu] ==> ignore
    arg [-m] ==> ignore
    arg [armelf_linux_eabi] ==> ignore
    arg [-o] ==> ignore
    arg [cmTC_e6fd4] ==> ignore
    arg [/usr/lib/gcc/arm-linux-gnueabihf/4.9/../../../arm-linux-gnueabihf/crt1.o] ==> ignore
    arg [/usr/lib/gcc/arm-linux-gnueabihf/4.9/../../../arm-linux-gnueabihf/crti.o] ==> ignore
    arg [/usr/lib/gcc/arm-linux-gnueabihf/4.9/crtbegin.o] ==> ignore
    arg [-L/usr/lib/gcc/arm-linux-gnueabihf/4.9] ==> dir [/usr/lib/gcc/arm-linux-gnueabihf/4.9]
    arg [-L/usr/lib/gcc/arm-linux-gnueabihf/4.9/../../../arm-linux-gnueabihf] ==> dir [/usr/lib/gcc/arm-linux-gnueabihf/4.9/../../../arm-linux-gnueabihf]
    arg [-L/usr/lib/gcc/arm-linux-gnueabihf/4.9/../../..] ==> dir [/usr/lib/gcc/arm-linux-gnueabihf/4.9/../../..]
    arg [-L/lib/arm-linux-gnueabihf] ==> dir [/lib/arm-linux-gnueabihf]
    arg [-L/usr/lib/arm-linux-gnueabihf] ==> dir [/usr/lib/arm-linux-gnueabihf]
    arg [CMakeFiles/cmTC_e6fd4.dir/CMakeCCompilerABI.c.o] ==> ignore
    arg [-lgcc] ==> lib [gcc]
    arg [--as-needed] ==> ignore
    arg [-lgcc_s] ==> lib [gcc_s]
    arg [--no-as-needed] ==> ignore
    arg [-lc] ==> lib [c]
    arg [-lgcc] ==> lib [gcc]
    arg [--as-needed] ==> ignore
    arg [-lgcc_s] ==> lib [gcc_s]
    arg [--no-as-needed] ==> ignore
    arg [/usr/lib/gcc/arm-linux-gnueabihf/4.9/crtend.o] ==> ignore
    arg [/usr/lib/gcc/arm-linux-gnueabihf/4.9/../../../arm-linux-gnueabihf/crtn.o] ==> ignore
  remove lib [gcc]
  remove lib [gcc_s]
  remove lib [gcc]
  remove lib [gcc_s]
  collapse library dir [/usr/lib/gcc/arm-linux-gnueabihf/4.9] ==> [/usr/lib/gcc/arm-linux-gnueabihf/4.9]
  collapse library dir [/usr/lib/gcc/arm-linux-gnueabihf/4.9/../../../arm-linux-gnueabihf] ==> [/usr/lib/arm-linux-gnueabihf]
  collapse library dir [/usr/lib/gcc/arm-linux-gnueabihf/4.9/../../..] ==> [/usr/lib]
  collapse library dir [/lib/arm-linux-gnueabihf] ==> [/lib/arm-linux-gnueabihf]
  collapse library dir [/usr/lib/arm-linux-gnueabihf] ==> [/usr/lib/arm-linux-gnueabihf]
  implicit libs: [c]
  implicit dirs: [/usr/lib/gcc/arm-linux-gnueabihf/4.9;/usr/lib/arm-linux-gnueabihf;/usr/lib;/lib/arm-linux-gnueabihf]
  implicit fwks: []




Detecting C [-std=c11] compiler features compiled with the following output:
Change Dir: /home/pi/Programs/RaspberryPi/rpi/ZairStudio/ReadyDev/tutoriels/cpp/cmake/make/static_lib_using/build/CMakeFiles/CMakeTmp

Run Build Command:"/usr/bin/make" "cmTC_f30db/fast"
/usr/bin/make -f CMakeFiles/cmTC_f30db.dir/build.make CMakeFiles/cmTC_f30db.dir/build
make[1]: Entering directory '/home/pi/Programs/RaspberryPi/rpi/ZairStudio/ReadyDev/tutoriels/cpp/cmake/make/static_lib_using/build/CMakeFiles/CMakeTmp'
Building C object CMakeFiles/cmTC_f30db.dir/feature_tests.c.o
/usr/bin/gcc    -std=c11 -o CMakeFiles/cmTC_f30db.dir/feature_tests.c.o   -c /home/pi/Programs/RaspberryPi/rpi/ZairStudio/ReadyDev/tutoriels/cpp/cmake/make/static_lib_using/build/CMakeFiles/feature_tests.c
Linking C executable cmTC_f30db
/usr/bin/cmake -E cmake_link_script CMakeFiles/cmTC_f30db.dir/link.txt --verbose=1
/usr/bin/gcc       CMakeFiles/cmTC_f30db.dir/feature_tests.c.o  -o cmTC_f30db -rdynamic 
make[1]: Leaving directory '/home/pi/Programs/RaspberryPi/rpi/ZairStudio/ReadyDev/tutoriels/cpp/cmake/make/static_lib_using/build/CMakeFiles/CMakeTmp'


    Feature record: C_FEATURE:1c_function_prototypes
    Feature record: C_FEATURE:1c_restrict
    Feature record: C_FEATURE:1c_static_assert
    Feature record: C_FEATURE:1c_variadic_macros


Detecting C [-std=c99] compiler features compiled with the following output:
Change Dir: /home/pi/Programs/RaspberryPi/rpi/ZairStudio/ReadyDev/tutoriels/cpp/cmake/make/static_lib_using/build/CMakeFiles/CMakeTmp

Run Build Command:"/usr/bin/make" "cmTC_e8592/fast"
/usr/bin/make -f CMakeFiles/cmTC_e8592.dir/build.make CMakeFiles/cmTC_e8592.dir/build
make[1]: Entering directory '/home/pi/Programs/RaspberryPi/rpi/ZairStudio/ReadyDev/tutoriels/cpp/cmake/make/static_lib_using/build/CMakeFiles/CMakeTmp'
Building C object CMakeFiles/cmTC_e8592.dir/feature_tests.c.o
/usr/bin/gcc    -std=c99 -o CMakeFiles/cmTC_e8592.dir/feature_tests.c.o   -c /home/pi/Programs/RaspberryPi/rpi/ZairStudio/ReadyDev/tutoriels/cpp/cmake/make/static_lib_using/build/CMakeFiles/feature_tests.c
Linking C executable cmTC_e8592
/usr/bin/cmake -E cmake_link_script CMakeFiles/cmTC_e8592.dir/link.txt --verbose=1
/usr/bin/gcc       CMakeFiles/cmTC_e8592.dir/feature_tests.c.o  -o cmTC_e8592 -rdynamic 
make[1]: Leaving directory '/home/pi/Programs/RaspberryPi/rpi/ZairStudio/ReadyDev/tutoriels/cpp/cmake/make/static_lib_using/build/CMakeFiles/CMakeTmp'


    Feature record: C_FEATURE:1c_function_prototypes
    Feature record: C_FEATURE:1c_restrict
    Feature record: C_FEATURE:0c_static_assert
    Feature record: C_FEATURE:1c_variadic_macros


Detecting C [-std=c90] compiler features compiled with the following output:
Change Dir: /home/pi/Programs/RaspberryPi/rpi/ZairStudio/ReadyDev/tutoriels/cpp/cmake/make/static_lib_using/build/CMakeFiles/CMakeTmp

Run Build Command:"/usr/bin/make" "cmTC_990d9/fast"
/usr/bin/make -f CMakeFiles/cmTC_990d9.dir/build.make CMakeFiles/cmTC_990d9.dir/build
make[1]: Entering directory '/home/pi/Programs/RaspberryPi/rpi/ZairStudio/ReadyDev/tutoriels/cpp/cmake/make/static_lib_using/build/CMakeFiles/CMakeTmp'
Building C object CMakeFiles/cmTC_990d9.dir/feature_tests.c.o
/usr/bin/gcc    -std=c90 -o CMakeFiles/cmTC_990d9.dir/feature_tests.c.o   -c /home/pi/Programs/RaspberryPi/rpi/ZairStudio/ReadyDev/tutoriels/cpp/cmake/make/static_lib_using/build/CMakeFiles/feature_tests.c
Linking C executable cmTC_990d9
/usr/bin/cmake -E cmake_link_script CMakeFiles/cmTC_990d9.dir/link.txt --verbose=1
/usr/bin/gcc       CMakeFiles/cmTC_990d9.dir/feature_tests.c.o  -o cmTC_990d9 -rdynamic 
make[1]: Leaving directory '/home/pi/Programs/RaspberryPi/rpi/ZairStudio/ReadyDev/tutoriels/cpp/cmake/make/static_lib_using/build/CMakeFiles/CMakeTmp'


    Feature record: C_FEATURE:1c_function_prototypes
    Feature record: C_FEATURE:0c_restrict
    Feature record: C_FEATURE:0c_static_assert
    Feature record: C_FEATURE:0c_variadic_macros
Determining if the CXX compiler works passed with the following output:
Change Dir: /home/pi/Programs/RaspberryPi/rpi/ZairStudio/ReadyDev/tutoriels/cpp/cmake/make/static_lib_using/build/CMakeFiles/CMakeTmp

Run Build Command:"/usr/bin/make" "cmTC_41cc2/fast"
/usr/bin/make -f CMakeFiles/cmTC_41cc2.dir/build.make CMakeFiles/cmTC_41cc2.dir/build
make[1]: Entering directory '/home/pi/Programs/RaspberryPi/rpi/ZairStudio/ReadyDev/tutoriels/cpp/cmake/make/static_lib_using/build/CMakeFiles/CMakeTmp'
Building CXX object CMakeFiles/cmTC_41cc2.dir/testCXXCompiler.cxx.o
/usr/bin/g++      -o CMakeFiles/cmTC_41cc2.dir/testCXXCompiler.cxx.o -c /home/pi/Programs/RaspberryPi/rpi/ZairStudio/ReadyDev/tutoriels/cpp/cmake/make/static_lib_using/build/CMakeFiles/CMakeTmp/testCXXCompiler.cxx
Linking CXX executable cmTC_41cc2
/usr/bin/cmake -E cmake_link_script CMakeFiles/cmTC_41cc2.dir/link.txt --verbose=1
/usr/bin/g++        CMakeFiles/cmTC_41cc2.dir/testCXXCompiler.cxx.o  -o cmTC_41cc2 -rdynamic 
make[1]: Leaving directory '/home/pi/Programs/RaspberryPi/rpi/ZairStudio/ReadyDev/tutoriels/cpp/cmake/make/static_lib_using/build/CMakeFiles/CMakeTmp'


Detecting CXX compiler ABI info compiled with the following output:
Change Dir: /home/pi/Programs/RaspberryPi/rpi/ZairStudio/ReadyDev/tutoriels/cpp/cmake/make/static_lib_using/build/CMakeFiles/CMakeTmp

Run Build Command:"/usr/bin/make" "cmTC_93e9e/fast"
/usr/bin/make -f CMakeFiles/cmTC_93e9e.dir/build.make CMakeFiles/cmTC_93e9e.dir/build
make[1]: Entering directory '/home/pi/Programs/RaspberryPi/rpi/ZairStudio/ReadyDev/tutoriels/cpp/cmake/make/static_lib_using/build/CMakeFiles/CMakeTmp'
Building CXX object CMakeFiles/cmTC_93e9e.dir/CMakeCXXCompilerABI.cpp.o
/usr/bin/g++      -o CMakeFiles/cmTC_93e9e.dir/CMakeCXXCompilerABI.cpp.o -c /usr/share/cmake-3.6/Modules/CMakeCXXCompilerABI.cpp
Linking CXX executable cmTC_93e9e
/usr/bin/cmake -E cmake_link_script CMakeFiles/cmTC_93e9e.dir/link.txt --verbose=1
/usr/bin/g++       -v CMakeFiles/cmTC_93e9e.dir/CMakeCXXCompilerABI.cpp.o  -o cmTC_93e9e -rdynamic  
Using built-in specs.
COLLECT_GCC=/usr/bin/g++
COLLECT_LTO_WRAPPER=/usr/lib/gcc/arm-linux-gnueabihf/4.9/lto-wrapper
Target: arm-linux-gnueabihf
Configured with: ../src/configure -v --with-pkgversion='Raspbian 4.9.2-10' --with-bugurl=file:///usr/share/doc/gcc-4.9/README.Bugs --enable-languages=c,c++,java,go,d,fortran,objc,obj-c++ --prefix=/usr --program-suffix=-4.9 --enable-shared --enable-linker-build-id --libexecdir=/usr/lib --without-included-gettext --enable-threads=posix --with-gxx-include-dir=/usr/include/c++/4.9 --libdir=/usr/lib --enable-nls --with-sysroot=/ --enable-clocale=gnu --enable-libstdcxx-debug --enable-libstdcxx-time=yes --enable-gnu-unique-object --disable-libitm --disable-libquadmath --enable-plugin --with-system-zlib --disable-browser-plugin --enable-java-awt=gtk --enable-gtk-cairo --with-java-home=/usr/lib/jvm/java-1.5.0-gcj-4.9-armhf/jre --enable-java-home --with-jvm-root-dir=/usr/lib/jvm/java-1.5.0-gcj-4.9-armhf --with-jvm-jar-dir=/usr/lib/jvm-exports/java-1.5.0-gcj-4.9-armhf --with-arch-directory=arm --with-ecj-jar=/usr/share/java/eclipse-ecj.jar --enable-objc-gc --enable-multiarch --disable-sjlj-exceptions --with-arch=armv6 --with-fpu=vfp --with-float=hard --enable-checking=release --build=arm-linux-gnueabihf --host=arm-linux-gnueabihf --target=arm-linux-gnueabihf
Thread model: posix
gcc version 4.9.2 (Raspbian 4.9.2-10) 
COMPILER_PATH=/usr/lib/gcc/arm-linux-gnueabihf/4.9/:/usr/lib/gcc/arm-linux-gnueabihf/4.9/:/usr/lib/gcc/arm-linux-gnueabihf/:/usr/lib/gcc/arm-linux-gnueabihf/4.9/:/usr/lib/gcc/arm-linux-gnueabihf/
LIBRARY_PATH=/usr/lib/gcc/arm-linux-gnueabihf/4.9/:/usr/lib/gcc/arm-linux-gnueabihf/4.9/../../../arm-linux-gnueabihf/:/usr/lib/gcc/arm-linux-gnueabihf/4.9/../../../:/lib/arm-linux-gnueabihf/:/lib/:/usr/lib/arm-linux-gnueabihf/:/usr/lib/
COLLECT_GCC_OPTIONS='-v' '-o' 'cmTC_93e9e' '-rdynamic' '-shared-libgcc' '-march=armv6' '-mfloat-abi=hard' '-mfpu=vfp' '-mtls-dialect=gnu'
 /usr/lib/gcc/arm-linux-gnueabihf/4.9/collect2 -plugin /usr/lib/gcc/arm-linux-gnueabihf/4.9/liblto_plugin.so -plugin-opt=/usr/lib/gcc/arm-linux-gnueabihf/4.9/lto-wrapper -plugin-opt=-fresolution=/tmp/ccTsFMPc.res -plugin-opt=-pass-through=-lgcc_s -plugin-opt=-pass-through=-lgcc -plugin-opt=-pass-through=-lc -plugin-opt=-pass-through=-lgcc_s -plugin-opt=-pass-through=-lgcc --sysroot=/ --build-id --eh-frame-hdr -export-dynamic -dynamic-linker /lib/ld-linux-armhf.so.3 -X --hash-style=gnu -m armelf_linux_eabi -o cmTC_93e9e /usr/lib/gcc/arm-linux-gnueabihf/4.9/../../../arm-linux-gnueabihf/crt1.o /usr/lib/gcc/arm-linux-gnueabihf/4.9/../../../arm-linux-gnueabihf/crti.o /usr/lib/gcc/arm-linux-gnueabihf/4.9/crtbegin.o -L/usr/lib/gcc/arm-linux-gnueabihf/4.9 -L/usr/lib/gcc/arm-linux-gnueabihf/4.9/../../../arm-linux-gnueabihf -L/usr/lib/gcc/arm-linux-gnueabihf/4.9/../../.. -L/lib/arm-linux-gnueabihf -L/usr/lib/arm-linux-gnueabihf CMakeFiles/cmTC_93e9e.dir/CMakeCXXCompilerABI.cpp.o -lstdc++ -lm -lgcc_s -lgcc -lc -lgcc_s -lgcc /usr/lib/gcc/arm-linux-gnueabihf/4.9/crtend.o /usr/lib/gcc/arm-linux-gnueabihf/4.9/../../../arm-linux-gnueabihf/crtn.o
make[1]: Leaving directory '/home/pi/Programs/RaspberryPi/rpi/ZairStudio/ReadyDev/tutoriels/cpp/cmake/make/static_lib_using/build/CMakeFiles/CMakeTmp'


Parsed CXX implicit link information from above output:
  link line regex: [^( *|.*[/\])(ld|([^/\]+-)?ld|collect2)[^/\]*( |$)]
  ignore line: [Change Dir: /home/pi/Programs/RaspberryPi/rpi/ZairStudio/ReadyDev/tutoriels/cpp/cmake/make/static_lib_using/build/CMakeFiles/CMakeTmp]
  ignore line: []
  ignore line: [Run Build Command:"/usr/bin/make" "cmTC_93e9e/fast"]
  ignore line: [/usr/bin/make -f CMakeFiles/cmTC_93e9e.dir/build.make CMakeFiles/cmTC_93e9e.dir/build]
  ignore line: [make[1]: Entering directory '/home/pi/Programs/RaspberryPi/rpi/ZairStudio/ReadyDev/tutoriels/cpp/cmake/make/static_lib_using/build/CMakeFiles/CMakeTmp']
  ignore line: [Building CXX object CMakeFiles/cmTC_93e9e.dir/CMakeCXXCompilerABI.cpp.o]
  ignore line: [/usr/bin/g++      -o CMakeFiles/cmTC_93e9e.dir/CMakeCXXCompilerABI.cpp.o -c /usr/share/cmake-3.6/Modules/CMakeCXXCompilerABI.cpp]
  ignore line: [Linking CXX executable cmTC_93e9e]
  ignore line: [/usr/bin/cmake -E cmake_link_script CMakeFiles/cmTC_93e9e.dir/link.txt --verbose=1]
  ignore line: [/usr/bin/g++       -v CMakeFiles/cmTC_93e9e.dir/CMakeCXXCompilerABI.cpp.o  -o cmTC_93e9e -rdynamic  ]
  ignore line: [Using built-in specs.]
  ignore line: [COLLECT_GCC=/usr/bin/g++]
  ignore line: [COLLECT_LTO_WRAPPER=/usr/lib/gcc/arm-linux-gnueabihf/4.9/lto-wrapper]
  ignore line: [Target: arm-linux-gnueabihf]
  ignore line: [Configured with: ../src/configure -v --with-pkgversion='Raspbian 4.9.2-10' --with-bugurl=file:///usr/share/doc/gcc-4.9/README.Bugs --enable-languages=c,c++,java,go,d,fortran,objc,obj-c++ --prefix=/usr --program-suffix=-4.9 --enable-shared --enable-linker-build-id --libexecdir=/usr/lib --without-included-gettext --enable-threads=posix --with-gxx-include-dir=/usr/include/c++/4.9 --libdir=/usr/lib --enable-nls --with-sysroot=/ --enable-clocale=gnu --enable-libstdcxx-debug --enable-libstdcxx-time=yes --enable-gnu-unique-object --disable-libitm --disable-libquadmath --enable-plugin --with-system-zlib --disable-browser-plugin --enable-java-awt=gtk --enable-gtk-cairo --with-java-home=/usr/lib/jvm/java-1.5.0-gcj-4.9-armhf/jre --enable-java-home --with-jvm-root-dir=/usr/lib/jvm/java-1.5.0-gcj-4.9-armhf --with-jvm-jar-dir=/usr/lib/jvm-exports/java-1.5.0-gcj-4.9-armhf --with-arch-directory=arm --with-ecj-jar=/usr/share/java/eclipse-ecj.jar --enable-objc-gc --enable-multiarch --disable-sjlj-exceptions --with-arch=armv6 --with-fpu=vfp --with-float=hard --enable-checking=release --build=arm-linux-gnueabihf --host=arm-linux-gnueabihf --target=arm-linux-gnueabihf]
  ignore line: [Thread model: posix]
  ignore line: [gcc version 4.9.2 (Raspbian 4.9.2-10) ]
  ignore line: [COMPILER_PATH=/usr/lib/gcc/arm-linux-gnueabihf/4.9/:/usr/lib/gcc/arm-linux-gnueabihf/4.9/:/usr/lib/gcc/arm-linux-gnueabihf/:/usr/lib/gcc/arm-linux-gnueabihf/4.9/:/usr/lib/gcc/arm-linux-gnueabihf/]
  ignore line: [LIBRARY_PATH=/usr/lib/gcc/arm-linux-gnueabihf/4.9/:/usr/lib/gcc/arm-linux-gnueabihf/4.9/../../../arm-linux-gnueabihf/:/usr/lib/gcc/arm-linux-gnueabihf/4.9/../../../:/lib/arm-linux-gnueabihf/:/lib/:/usr/lib/arm-linux-gnueabihf/:/usr/lib/]
  ignore line: [COLLECT_GCC_OPTIONS='-v' '-o' 'cmTC_93e9e' '-rdynamic' '-shared-libgcc' '-march=armv6' '-mfloat-abi=hard' '-mfpu=vfp' '-mtls-dialect=gnu']
  link line: [ /usr/lib/gcc/arm-linux-gnueabihf/4.9/collect2 -plugin /usr/lib/gcc/arm-linux-gnueabihf/4.9/liblto_plugin.so -plugin-opt=/usr/lib/gcc/arm-linux-gnueabihf/4.9/lto-wrapper -plugin-opt=-fresolution=/tmp/ccTsFMPc.res -plugin-opt=-pass-through=-lgcc_s -plugin-opt=-pass-through=-lgcc -plugin-opt=-pass-through=-lc -plugin-opt=-pass-through=-lgcc_s -plugin-opt=-pass-through=-lgcc --sysroot=/ --build-id --eh-frame-hdr -export-dynamic -dynamic-linker /lib/ld-linux-armhf.so.3 -X --hash-style=gnu -m armelf_linux_eabi -o cmTC_93e9e /usr/lib/gcc/arm-linux-gnueabihf/4.9/../../../arm-linux-gnueabihf/crt1.o /usr/lib/gcc/arm-linux-gnueabihf/4.9/../../../arm-linux-gnueabihf/crti.o /usr/lib/gcc/arm-linux-gnueabihf/4.9/crtbegin.o -L/usr/lib/gcc/arm-linux-gnueabihf/4.9 -L/usr/lib/gcc/arm-linux-gnueabihf/4.9/../../../arm-linux-gnueabihf -L/usr/lib/gcc/arm-linux-gnueabihf/4.9/../../.. -L/lib/arm-linux-gnueabihf -L/usr/lib/arm-linux-gnueabihf CMakeFiles/cmTC_93e9e.dir/CMakeCXXCompilerABI.cpp.o -lstdc++ -lm -lgcc_s -lgcc -lc -lgcc_s -lgcc /usr/lib/gcc/arm-linux-gnueabihf/4.9/crtend.o /usr/lib/gcc/arm-linux-gnueabihf/4.9/../../../arm-linux-gnueabihf/crtn.o]
    arg [/usr/lib/gcc/arm-linux-gnueabihf/4.9/collect2] ==> ignore
    arg [-plugin] ==> ignore
    arg [/usr/lib/gcc/arm-linux-gnueabihf/4.9/liblto_plugin.so] ==> ignore
    arg [-plugin-opt=/usr/lib/gcc/arm-linux-gnueabihf/4.9/lto-wrapper] ==> ignore
    arg [-plugin-opt=-fresolution=/tmp/ccTsFMPc.res] ==> ignore
    arg [-plugin-opt=-pass-through=-lgcc_s] ==> ignore
    arg [-plugin-opt=-pass-through=-lgcc] ==> ignore
    arg [-plugin-opt=-pass-through=-lc] ==> ignore
    arg [-plugin-opt=-pass-through=-lgcc_s] ==> ignore
    arg [-plugin-opt=-pass-through=-lgcc] ==> ignore
    arg [--sysroot=/] ==> ignore
    arg [--build-id] ==> ignore
    arg [--eh-frame-hdr] ==> ignore
    arg [-export-dynamic] ==> ignore
    arg [-dynamic-linker] ==> ignore
    arg [/lib/ld-linux-armhf.so.3] ==> ignore
    arg [-X] ==> ignore
    arg [--hash-style=gnu] ==> ignore
    arg [-m] ==> ignore
    arg [armelf_linux_eabi] ==> ignore
    arg [-o] ==> ignore
    arg [cmTC_93e9e] ==> ignore
    arg [/usr/lib/gcc/arm-linux-gnueabihf/4.9/../../../arm-linux-gnueabihf/crt1.o] ==> ignore
    arg [/usr/lib/gcc/arm-linux-gnueabihf/4.9/../../../arm-linux-gnueabihf/crti.o] ==> ignore
    arg [/usr/lib/gcc/arm-linux-gnueabihf/4.9/crtbegin.o] ==> ignore
    arg [-L/usr/lib/gcc/arm-linux-gnueabihf/4.9] ==> dir [/usr/lib/gcc/arm-linux-gnueabihf/4.9]
    arg [-L/usr/lib/gcc/arm-linux-gnueabihf/4.9/../../../arm-linux-gnueabihf] ==> dir [/usr/lib/gcc/arm-linux-gnueabihf/4.9/../../../arm-linux-gnueabihf]
    arg [-L/usr/lib/gcc/arm-linux-gnueabihf/4.9/../../..] ==> dir [/usr/lib/gcc/arm-linux-gnueabihf/4.9/../../..]
    arg [-L/lib/arm-linux-gnueabihf] ==> dir [/lib/arm-linux-gnueabihf]
    arg [-L/usr/lib/arm-linux-gnueabihf] ==> dir [/usr/lib/arm-linux-gnueabihf]
    arg [CMakeFiles/cmTC_93e9e.dir/CMakeCXXCompilerABI.cpp.o] ==> ignore
    arg [-lstdc++] ==> lib [stdc++]
    arg [-lm] ==> lib [m]
    arg [-lgcc_s] ==> lib [gcc_s]
    arg [-lgcc] ==> lib [gcc]
    arg [-lc] ==> lib [c]
    arg [-lgcc_s] ==> lib [gcc_s]
    arg [-lgcc] ==> lib [gcc]
    arg [/usr/lib/gcc/arm-linux-gnueabihf/4.9/crtend.o] ==> ignore
    arg [/usr/lib/gcc/arm-linux-gnueabihf/4.9/../../../arm-linux-gnueabihf/crtn.o] ==> ignore
  remove lib [gcc_s]
  remove lib [gcc]
  remove lib [gcc_s]
  remove lib [gcc]
  collapse library dir [/usr/lib/gcc/arm-linux-gnueabihf/4.9] ==> [/usr/lib/gcc/arm-linux-gnueabihf/4.9]
  collapse library dir [/usr/lib/gcc/arm-linux-gnueabihf/4.9/../../../arm-linux-gnueabihf] ==> [/usr/lib/arm-linux-gnueabihf]
  collapse library dir [/usr/lib/gcc/arm-linux-gnueabihf/4.9/../../..] ==> [/usr/lib]
  collapse library dir [/lib/arm-linux-gnueabihf] ==> [/lib/arm-linux-gnueabihf]
  collapse library dir [/usr/lib/arm-linux-gnueabihf] ==> [/usr/lib/arm-linux-gnueabihf]
  implicit libs: [stdc++;m;c]
  implicit dirs: [/usr/lib/gcc/arm-linux-gnueabihf/4.9;/usr/lib/arm-linux-gnueabihf;/usr/lib;/lib/arm-linux-gnueabihf]
  implicit fwks: []




Detecting CXX [-std=c++14] compiler features compiled with the following output:
Change Dir: /home/pi/Programs/RaspberryPi/rpi/ZairStudio/ReadyDev/tutoriels/cpp/cmake/make/static_lib_using/build/CMakeFiles/CMakeTmp

Run Build Command:"/usr/bin/make" "cmTC_50f29/fast"
/usr/bin/make -f CMakeFiles/cmTC_50f29.dir/build.make CMakeFiles/cmTC_50f29.dir/build
make[1]: Entering directory '/home/pi/Programs/RaspberryPi/rpi/ZairStudio/ReadyDev/tutoriels/cpp/cmake/make/static_lib_using/build/CMakeFiles/CMakeTmp'
Building CXX object CMakeFiles/cmTC_50f29.dir/feature_tests.cxx.o
/usr/bin/g++     -std=c++14 -o CMakeFiles/cmTC_50f29.dir/feature_tests.cxx.o -c /home/pi/Programs/RaspberryPi/rpi/ZairStudio/ReadyDev/tutoriels/cpp/cmake/make/static_lib_using/build/CMakeFiles/feature_tests.cxx
Linking CXX executable cmTC_50f29
/usr/bin/cmake -E cmake_link_script CMakeFiles/cmTC_50f29.dir/link.txt --verbose=1
/usr/bin/g++        CMakeFiles/cmTC_50f29.dir/feature_tests.cxx.o  -o cmTC_50f29 -rdynamic 
make[1]: Leaving directory '/home/pi/Programs/RaspberryPi/rpi/ZairStudio/ReadyDev/tutoriels/cpp/cmake/make/static_lib_using/build/CMakeFiles/CMakeTmp'


    Feature record: CXX_FEATURE:0cxx_aggregate_default_initializers
    Feature record: CXX_FEATURE:1cxx_alias_templates
    Feature record: CXX_FEATURE:1cxx_alignas
    Feature record: CXX_FEATURE:1cxx_alignof
    Feature record: CXX_FEATURE:1cxx_attributes
    Feature record: CXX_FEATURE:1cxx_attribute_deprecated
    Feature record: CXX_FEATURE:1cxx_auto_type
    Feature record: CXX_FEATURE:1cxx_binary_literals
    Feature record: CXX_FEATURE:1cxx_constexpr
    Feature record: CXX_FEATURE:1cxx_contextual_conversions
    Feature record: CXX_FEATURE:1cxx_decltype
    Feature record: CXX_FEATURE:1cxx_decltype_auto
    Feature record: CXX_FEATURE:1cxx_decltype_incomplete_return_types
    Feature record: CXX_FEATURE:1cxx_default_function_template_args
    Feature record: CXX_FEATURE:1cxx_defaulted_functions
    Feature record: CXX_FEATURE:1cxx_defaulted_move_initializers
    Feature record: CXX_FEATURE:1cxx_delegating_constructors
    Feature record: CXX_FEATURE:1cxx_deleted_functions
    Feature record: CXX_FEATURE:1cxx_digit_separators
    Feature record: CXX_FEATURE:1cxx_enum_forward_declarations
    Feature record: CXX_FEATURE:1cxx_explicit_conversions
    Feature record: CXX_FEATURE:1cxx_extended_friend_declarations
    Feature record: CXX_FEATURE:1cxx_extern_templates
    Feature record: CXX_FEATURE:1cxx_final
    Feature record: CXX_FEATURE:1cxx_func_identifier
    Feature record: CXX_FEATURE:1cxx_generalized_initializers
    Feature record: CXX_FEATURE:1cxx_generic_lambdas
    Feature record: CXX_FEATURE:1cxx_inheriting_constructors
    Feature record: CXX_FEATURE:1cxx_inline_namespaces
    Feature record: CXX_FEATURE:1cxx_lambdas
    Feature record: CXX_FEATURE:1cxx_lambda_init_captures
    Feature record: CXX_FEATURE:1cxx_local_type_template_args
    Feature record: CXX_FEATURE:1cxx_long_long_type
    Feature record: CXX_FEATURE:1cxx_noexcept
    Feature record: CXX_FEATURE:1cxx_nonstatic_member_init
    Feature record: CXX_FEATURE:1cxx_nullptr
    Feature record: CXX_FEATURE:1cxx_override
    Feature record: CXX_FEATURE:1cxx_range_for
    Feature record: CXX_FEATURE:1cxx_raw_string_literals
    Feature record: CXX_FEATURE:1cxx_reference_qualified_functions
    Feature record: CXX_FEATURE:0cxx_relaxed_constexpr
    Feature record: CXX_FEATURE:1cxx_return_type_deduction
    Feature record: CXX_FEATURE:1cxx_right_angle_brackets
    Feature record: CXX_FEATURE:1cxx_rvalue_references
    Feature record: CXX_FEATURE:1cxx_sizeof_member
    Feature record: CXX_FEATURE:1cxx_static_assert
    Feature record: CXX_FEATURE:1cxx_strong_enums
    Feature record: CXX_FEATURE:1cxx_template_template_parameters
    Feature record: CXX_FEATURE:1cxx_thread_local
    Feature record: CXX_FEATURE:1cxx_trailing_return_types
    Feature record: CXX_FEATURE:1cxx_unicode_literals
    Feature record: CXX_FEATURE:1cxx_uniform_initialization
    Feature record: CXX_FEATURE:1cxx_unrestricted_unions
    Feature record: CXX_FEATURE:1cxx_user_literals
    Feature record: CXX_FEATURE:0cxx_variable_templates
    Feature record: CXX_FEATURE:1cxx_variadic_macros
    Feature record: CXX_FEATURE:1cxx_variadic_templates


Detecting CXX [-std=c++11] compiler features compiled with the following output:
Change Dir: /home/pi/Programs/RaspberryPi/rpi/ZairStudio/ReadyDev/tutoriels/cpp/cmake/make/static_lib_using/build/CMakeFiles/CMakeTmp

Run Build Command:"/usr/bin/make" "cmTC_c7013/fast"
/usr/bin/make -f CMakeFiles/cmTC_c7013.dir/build.make CMakeFiles/cmTC_c7013.dir/build
make[1]: Entering directory '/home/pi/Programs/RaspberryPi/rpi/ZairStudio/ReadyDev/tutoriels/cpp/cmake/make/static_lib_using/build/CMakeFiles/CMakeTmp'
Building CXX object CMakeFiles/cmTC_c7013.dir/feature_tests.cxx.o
/usr/bin/g++     -std=c++11 -o CMakeFiles/cmTC_c7013.dir/feature_tests.cxx.o -c /home/pi/Programs/RaspberryPi/rpi/ZairStudio/ReadyDev/tutoriels/cpp/cmake/make/static_lib_using/build/CMakeFiles/feature_tests.cxx
Linking CXX executable cmTC_c7013
/usr/bin/cmake -E cmake_link_script CMakeFiles/cmTC_c7013.dir/link.txt --verbose=1
/usr/bin/g++        CMakeFiles/cmTC_c7013.dir/feature_tests.cxx.o  -o cmTC_c7013 -rdynamic 
make[1]: Leaving directory '/home/pi/Programs/RaspberryPi/rpi/ZairStudio/ReadyDev/tutoriels/cpp/cmake/make/static_lib_using/build/CMakeFiles/CMakeTmp'


    Feature record: CXX_FEATURE:0cxx_aggregate_default_initializers
    Feature record: CXX_FEATURE:1cxx_alias_templates
    Feature record: CXX_FEATURE:1cxx_alignas
    Feature record: CXX_FEATURE:1cxx_alignof
    Feature record: CXX_FEATURE:1cxx_attributes
    Feature record: CXX_FEATURE:0cxx_attribute_deprecated
    Feature record: CXX_FEATURE:1cxx_auto_type
    Feature record: CXX_FEATURE:0cxx_binary_literals
    Feature record: CXX_FEATURE:1cxx_constexpr
    Feature record: CXX_FEATURE:0cxx_contextual_conversions
    Feature record: CXX_FEATURE:1cxx_decltype
    Feature record: CXX_FEATURE:0cxx_decltype_auto
    Feature record: CXX_FEATURE:1cxx_decltype_incomplete_return_types
    Feature record: CXX_FEATURE:1cxx_default_function_template_args
    Feature record: CXX_FEATURE:1cxx_defaulted_functions
    Feature record: CXX_FEATURE:1cxx_defaulted_move_initializers
    Feature record: CXX_FEATURE:1cxx_delegating_constructors
    Feature record: CXX_FEATURE:1cxx_deleted_functions
    Feature record: CXX_FEATURE:0cxx_digit_separators
    Feature record: CXX_FEATURE:1cxx_enum_forward_declarations
    Feature record: CXX_FEATURE:1cxx_explicit_conversions
    Feature record: CXX_FEATURE:1cxx_extended_friend_declarations
    Feature record: CXX_FEATURE:1cxx_extern_templates
    Feature record: CXX_FEATURE:1cxx_final
    Feature record: CXX_FEATURE:1cxx_func_identifier
    Feature record: CXX_FEATURE:1cxx_generalized_initializers
    Feature record: CXX_FEATURE:0cxx_generic_lambdas
    Feature record: CXX_FEATURE:1cxx_inheriting_constructors
    Feature record: CXX_FEATURE:1cxx_inline_namespaces
    Feature record: CXX_FEATURE:1cxx_lambdas
    Feature record: CXX_FEATURE:0cxx_lambda_init_captures
    Feature record: CXX_FEATURE:1cxx_local_type_template_args
    Feature record: CXX_FEATURE:1cxx_long_long_type
    Feature record: CXX_FEATURE:1cxx_noexcept
    Feature record: CXX_FEATURE:1cxx_nonstatic_member_init
    Feature record: CXX_FEATURE:1cxx_nullptr
    Feature record: CXX_FEATURE:1cxx_override
    Feature record: CXX_FEATURE:1cxx_range_for
    Feature record: CXX_FEATURE:1cxx_raw_string_literals
    Feature record: CXX_FEATURE:1cxx_reference_qualified_functions
    Feature record: CXX_FEATURE:0cxx_relaxed_constexpr
    Feature record: CXX_FEATURE:0cxx_return_type_deduction
    Feature record: CXX_FEATURE:1cxx_right_angle_brackets
    Feature record: CXX_FEATURE:1cxx_rvalue_references
    Feature record: CXX_FEATURE:1cxx_sizeof_member
    Feature record: CXX_FEATURE:1cxx_static_assert
    Feature record: CXX_FEATURE:1cxx_strong_enums
    Feature record: CXX_FEATURE:1cxx_template_template_parameters
    Feature record: CXX_FEATURE:1cxx_thread_local
    Feature record: CXX_FEATURE:1cxx_trailing_return_types
    Feature record: CXX_FEATURE:1cxx_unicode_literals
    Feature record: CXX_FEATURE:1cxx_uniform_initialization
    Feature record: CXX_FEATURE:1cxx_unrestricted_unions
    Feature record: CXX_FEATURE:1cxx_user_literals
    Feature record: CXX_FEATURE:0cxx_variable_templates
    Feature record: CXX_FEATURE:1cxx_variadic_macros
    Feature record: CXX_FEATURE:1cxx_variadic_templates


Detecting CXX [-std=c++98] compiler features compiled with the following output:
Change Dir: /home/pi/Programs/RaspberryPi/rpi/ZairStudio/ReadyDev/tutoriels/cpp/cmake/make/static_lib_using/build/CMakeFiles/CMakeTmp

Run Build Command:"/usr/bin/make" "cmTC_17726/fast"
/usr/bin/make -f CMakeFiles/cmTC_17726.dir/build.make CMakeFiles/cmTC_17726.dir/build
make[1]: Entering directory '/home/pi/Programs/RaspberryPi/rpi/ZairStudio/ReadyDev/tutoriels/cpp/cmake/make/static_lib_using/build/CMakeFiles/CMakeTmp'
Building CXX object CMakeFiles/cmTC_17726.dir/feature_tests.cxx.o
/usr/bin/g++     -std=c++98 -o CMakeFiles/cmTC_17726.dir/feature_tests.cxx.o -c /home/pi/Programs/RaspberryPi/rpi/ZairStudio/ReadyDev/tutoriels/cpp/cmake/make/static_lib_using/build/CMakeFiles/feature_tests.cxx
Linking CXX executable cmTC_17726
/usr/bin/cmake -E cmake_link_script CMakeFiles/cmTC_17726.dir/link.txt --verbose=1
/usr/bin/g++        CMakeFiles/cmTC_17726.dir/feature_tests.cxx.o  -o cmTC_17726 -rdynamic 
make[1]: Leaving directory '/home/pi/Programs/RaspberryPi/rpi/ZairStudio/ReadyDev/tutoriels/cpp/cmake/make/static_lib_using/build/CMakeFiles/CMakeTmp'


    Feature record: CXX_FEATURE:0cxx_aggregate_default_initializers
    Feature record: CXX_FEATURE:0cxx_alias_templates
    Feature record: CXX_FEATURE:0cxx_alignas
    Feature record: CXX_FEATURE:0cxx_alignof
    Feature record: CXX_FEATURE:0cxx_attributes
    Feature record: CXX_FEATURE:0cxx_attribute_deprecated
    Feature record: CXX_FEATURE:0cxx_auto_type
    Feature record: CXX_FEATURE:0cxx_binary_literals
    Feature record: CXX_FEATURE:0cxx_constexpr
    Feature record: CXX_FEATURE:0cxx_contextual_conversions
    Feature record: CXX_FEATURE:0cxx_decltype
    Feature record: CXX_FEATURE:0cxx_decltype_auto
    Feature record: CXX_FEATURE:0cxx_decltype_incomplete_return_types
    Feature record: CXX_FEATURE:0cxx_default_function_template_args
    Feature record: CXX_FEATURE:0cxx_defaulted_functions
    Feature record: CXX_FEATURE:0cxx_defaulted_move_initializers
    Feature record: CXX_FEATURE:0cxx_delegating_constructors
    Feature record: CXX_FEATURE:0cxx_deleted_functions
    Feature record: CXX_FEATURE:0cxx_digit_separators
    Feature record: CXX_FEATURE:0cxx_enum_forward_declarations
    Feature record: CXX_FEATURE:0cxx_explicit_conversions
    Feature record: CXX_FEATURE:0cxx_extended_friend_declarations
    Feature record: CXX_FEATURE:0cxx_extern_templates
    Feature record: CXX_FEATURE:0cxx_final
    Feature record: CXX_FEATURE:0cxx_func_identifier
    Feature record: CXX_FEATURE:0cxx_generalized_initializers
    Feature record: CXX_FEATURE:0cxx_generic_lambdas
    Feature record: CXX_FEATURE:0cxx_inheriting_constructors
    Feature record: CXX_FEATURE:0cxx_inline_namespaces
    Feature record: CXX_FEATURE:0cxx_lambdas
    Feature record: CXX_FEATURE:0cxx_lambda_init_captures
    Feature record: CXX_FEATURE:0cxx_local_type_template_args
    Feature record: CXX_FEATURE:0cxx_long_long_type
    Feature record: CXX_FEATURE:0cxx_noexcept
    Feature record: CXX_FEATURE:0cxx_nonstatic_member_init
    Feature record: CXX_FEATURE:0cxx_nullptr
    Feature record: CXX_FEATURE:0cxx_override
    Feature record: CXX_FEATURE:0cxx_range_for
    Feature record: CXX_FEATURE:0cxx_raw_string_literals
    Feature record: CXX_FEATURE:0cxx_reference_qualified_functions
    Feature record: CXX_FEATURE:0cxx_relaxed_constexpr
    Feature record: CXX_FEATURE:0cxx_return_type_deduction
    Feature record: CXX_FEATURE:0cxx_right_angle_brackets
    Feature record: CXX_FEATURE:0cxx_rvalue_references
    Feature record: CXX_FEATURE:0cxx_sizeof_member
    Feature record: CXX_FEATURE:0cxx_static_assert
    Feature record: CXX_FEATURE:0cxx_strong_enums
    Feature record: CXX_FEATURE:1cxx_template_template_parameters
    Feature record: CXX_FEATURE:0cxx_thread_local
    Feature record: CXX_FEATURE:0cxx_trailing_return_types
    Feature record: CXX_FEATURE:0cxx_unicode_literals
    Feature record: CXX_FEATURE:0cxx_uniform_initialization
    Feature record: CXX_FEATURE:0cxx_unrestricted_unions
    Feature record: CXX_FEATURE:0cxx_user_literals
    Feature record: CXX_FEATURE:0cxx_variable_templates
    Feature record: CXX_FEATURE:0cxx_variadic_macros
    Feature record: CXX_FEATURE:0cxx_variadic_templates
